

2025-10-29 19:39:21 INFO  [eBankingProject] URL is opened
2025-10-29 19:39:22 INFO  [eBankingProject] Entered Username
2025-10-29 19:39:22 INFO  [eBankingProject] Entered Password
2025-10-29 19:39:25 INFO  [eBankingProject] Login test passed
2025-10-29 20:46:40 INFO  [eBankingProject] URL is opened
2025-10-29 20:46:41 INFO  [eBankingProject] Entered Username
2025-10-29 20:46:41 INFO  [eBankingProject] Entered Password
2025-10-29 20:46:42 INFO  [eBankingProject] Login test passed
2025-11-01 15:09:20 INFO  [eBankingProject] URL is opened
2025-11-01 15:09:20 INFO  [eBankingProject] Entered Username
2025-11-01 15:09:20 INFO  [eBankingProject] Entered Password
2025-11-01 15:09:22 INFO  [eBankingProject] Login test passed
2025-11-01 15:11:05 INFO  [eBankingProject] URL is opened
2025-11-01 15:11:05 INFO  [eBankingProject] Entered Username
2025-11-01 15:11:05 INFO  [eBankingProject] Entered Password
2025-11-01 15:11:07 INFO  [eBankingProject] Login test passed
2025-11-01 15:11:25 INFO  [eBankingProject] URL is opened
2025-11-01 15:11:26 INFO  [eBankingProject] Entered Username
2025-11-01 15:11:26 INFO  [eBankingProject] Entered Password
2025-11-01 15:11:27 INFO  [eBankingProject] Login test passed
2025-11-02 13:09:46 INFO  [eBankingProject] URL is opened
2025-11-02 13:09:46 INFO  [eBankingProject] Entered Username
2025-11-02 13:09:47 INFO  [eBankingProject] Entered Password
2025-11-02 13:09:49 INFO  [eBankingProject] Login test passed
2025-11-02 15:13:06 INFO  [eBankingProject] URL is opened
2025-11-02 15:13:06 INFO  [eBankingProject] Entered Username
2025-11-02 15:13:06 INFO  [eBankingProject] Entered Password
2025-11-02 15:13:07 INFO  [eBankingProject] Login test passed
2025-11-02 15:13:33 INFO  [eBankingProject] URL is opened
2025-11-02 15:13:33 INFO  [eBankingProject] Entered Username
2025-11-02 15:13:33 INFO  [eBankingProject] Entered Password
2025-11-04 19:00:36 INFO  [eBankingProject] user name provided
2025-11-04 19:00:36 INFO  [eBankingProject] password provided
2025-11-04 19:00:38 INFO  [eBankingProject] login passed
2025-11-04 19:05:56 INFO  [eBankingProject] user name provided
2025-11-04 19:05:56 INFO  [eBankingProject] password provided
2025-11-04 19:05:59 INFO  [eBankingProject] login passed
2025-11-04 19:06:46 INFO  [eBankingProject] user name provided
2025-11-04 19:06:47 INFO  [eBankingProject] password provided
2025-11-04 19:06:48 INFO  [eBankingProject] login passed
2025-11-04 19:40:22 INFO  [eBankingProject] user name provided
2025-11-04 19:40:22 INFO  [eBankingProject] password provided
2025-11-04 19:40:23 INFO  [eBankingProject] login passed
2025-11-04 19:59:16 INFO  [eBankingProject] user name provided
2025-11-04 19:59:17 INFO  [eBankingProject] password provided
2025-11-04 19:59:20 INFO  [eBankingProject] login passed
2025-11-04 20:05:14 INFO  [eBankingProject] user name provided
2025-11-04 20:05:14 INFO  [eBankingProject] password provided
2025-11-04 20:05:19 INFO  [eBankingProject] login passed
2025-11-04 20:16:48 INFO  [eBankingProject] user name provided
2025-11-04 20:16:48 INFO  [eBankingProject] password provided
2025-11-04 20:16:53 INFO  [eBankingProject] user name provided
2025-11-04 20:16:53 INFO  [eBankingProject] password provided
2025-11-04 20:16:58 INFO  [eBankingProject] user name provided
2025-11-04 20:16:58 INFO  [eBankingProject] password provided
2025-11-04 20:17:04 INFO  [eBankingProject] user name provided
2025-11-04 20:17:04 INFO  [eBankingProject] password provided
2025-11-04 20:17:09 INFO  [eBankingProject] login passed
2025-11-04 21:28:27 INFO  [eBankingProject] user name provided
2025-11-04 21:28:27 INFO  [eBankingProject] password provided
2025-11-04 21:28:33 INFO  [eBankingProject] user name provided
2025-11-04 21:28:33 INFO  [eBankingProject] password provided
2025-11-04 21:28:38 INFO  [eBankingProject] user name provided
2025-11-04 21:28:38 INFO  [eBankingProject] password provided
2025-11-04 21:28:43 INFO  [eBankingProject] user name provided
2025-11-04 21:28:43 INFO  [eBankingProject] password provided
2025-11-04 21:28:47 INFO  [eBankingProject] login passed
2025-11-04 21:31:19 INFO  [eBankingProject] URL is opened
2025-11-04 21:31:20 INFO  [eBankingProject] Entered Username
2025-11-04 21:31:20 INFO  [eBankingProject] Entered Password
2025-11-04 21:32:37 INFO  [eBankingProject] URL is opened
2025-11-04 21:32:37 INFO  [eBankingProject] Entered Username
2025-11-04 21:32:37 INFO  [eBankingProject] Entered Password
2025-11-04 21:34:41 INFO  [eBankingProject] URL is opened
2025-11-04 21:34:41 INFO  [eBankingProject] Entered Username
2025-11-04 21:34:41 INFO  [eBankingProject] Entered Password
2025-11-04 21:34:42 INFO  [eBankingProject] Login test passed
2025-11-04 21:43:00 INFO  [eBankingProject] URL is opened
2025-11-04 21:43:00 INFO  [eBankingProject] Entered Username
2025-11-04 21:43:00 INFO  [eBankingProject] Entered Password
2025-11-04 21:43:01 INFO  [eBankingProject] Login test passed
2025-11-04 21:43:37 INFO  [eBankingProject] user name provided
2025-11-04 21:43:38 INFO  [eBankingProject] password provided
2025-11-04 21:43:43 INFO  [eBankingProject] user name provided
2025-11-04 21:43:43 INFO  [eBankingProject] password provided
2025-11-04 21:43:48 INFO  [eBankingProject] user name provided
2025-11-04 21:43:48 INFO  [eBankingProject] password provided
2025-11-04 21:43:53 INFO  [eBankingProject] user name provided
2025-11-04 21:43:53 INFO  [eBankingProject] password provided
2025-11-04 21:43:58 INFO  [eBankingProject] login passed
2025-11-04 21:44:05 INFO  [eBankingProject] user name provided
2025-11-04 21:44:05 INFO  [eBankingProject] password provided
2025-11-04 22:53:42 INFO  [eBankingProject] user name provided
2025-11-04 22:53:42 INFO  [eBankingProject] password provided
2025-11-04 22:53:48 INFO  [eBankingProject] user name provided
2025-11-04 22:53:48 INFO  [eBankingProject] password provided
2025-11-04 22:53:54 INFO  [eBankingProject] user name provided
2025-11-04 22:53:54 INFO  [eBankingProject] password provided
2025-11-04 22:53:59 INFO  [eBankingProject] user name provided
2025-11-04 22:53:59 INFO  [eBankingProject] password provided
2025-11-04 22:54:02 INFO  [eBankingProject] login passed
2025-11-04 22:54:10 INFO  [eBankingProject] user name provided
2025-11-04 22:54:10 INFO  [eBankingProject] password provided
2025-11-06 22:45:55 INFO  [eBankingProject] URL is opened
2025-11-06 22:45:55 INFO  [eBankingProject] Entered Username
2025-11-06 22:45:55 INFO  [eBankingProject] Entered Password
2025-11-06 22:46:08 INFO  [eBankingProject] user name provided
2025-11-06 22:46:09 INFO  [eBankingProject] password provided
2025-11-06 22:46:14 INFO  [eBankingProject] user name provided
2025-11-06 22:46:14 INFO  [eBankingProject] password provided
2025-11-06 22:46:19 INFO  [eBankingProject] user name provided
2025-11-06 22:46:19 INFO  [eBankingProject] password provided
2025-11-06 22:46:24 INFO  [eBankingProject] user name provided
2025-11-06 22:46:24 INFO  [eBankingProject] password provided
2025-11-06 22:46:28 INFO  [eBankingProject] login passed
2025-11-06 22:46:36 INFO  [eBankingProject] user name provided
2025-11-06 22:46:36 INFO  [eBankingProject] password provided
2025-11-06 22:54:41 INFO  [eBankingProject] URL is opened
2025-11-06 22:54:42 INFO  [eBankingProject] Entered Username
2025-11-06 22:54:42 INFO  [eBankingProject] Entered Password
2025-11-06 22:54:45 INFO  [eBankingProject] providing customer details
2025-11-06 22:54:53 INFO  [eBankingProject] test case passed
2025-11-06 22:56:03 INFO  [eBankingProject] URL is opened
2025-11-06 22:56:06 INFO  [eBankingProject] Entered Username
2025-11-06 22:56:06 INFO  [eBankingProject] Entered Password
2025-11-06 22:56:10 INFO  [eBankingProject] providing customer details
2025-11-06 22:56:16 INFO  [eBankingProject] test case failed
2025-11-06 22:58:31 INFO  [eBankingProject] URL is opened
2025-11-06 22:58:33 INFO  [eBankingProject] Entered Username
2025-11-06 22:58:34 INFO  [eBankingProject] Entered Password
2025-11-06 22:58:38 INFO  [eBankingProject] providing customer details
2025-11-06 22:58:44 INFO  [eBankingProject] test case failed
2025-11-06 22:59:42 INFO  [eBankingProject] URL is opened
2025-11-06 22:59:43 INFO  [eBankingProject] Entered Username
2025-11-06 22:59:43 INFO  [eBankingProject] Entered Password
2025-11-06 22:59:49 INFO  [eBankingProject] providing customer details
2025-11-06 22:59:56 INFO  [eBankingProject] test case passed
2025-11-07 14:57:00 INFO  [eBankingProject] URL is opened
2025-11-07 14:57:01 INFO  [eBankingProject] Entered Username
2025-11-07 14:57:01 INFO  [eBankingProject] Entered Password
2025-11-07 14:57:08 INFO  [eBankingProject] providing customer details
2025-11-07 14:57:14 INFO  [eBankingProject] test case passed
2025-11-07 15:44:39 INFO  [eBankingProject] URL is opened
2025-11-07 15:44:39 INFO  [eBankingProject] Entered Username
2025-11-07 15:44:39 INFO  [eBankingProject] Entered Password
2025-11-07 15:44:45 INFO  [eBankingProject] providing customer details
2025-11-07 15:44:50 INFO  [eBankingProject] test case passed
2025-11-07 16:29:12 INFO  [eBankingProject] URL is opened
2025-11-07 16:29:15 INFO  [eBankingProject] Entered Username
2025-11-07 16:29:15 INFO  [eBankingProject] Entered Password
2025-11-07 16:29:19 INFO  [eBankingProject] providing customer details
2025-11-07 16:29:26 INFO  [eBankingProject] test case passed
2025-11-08 19:45:29 INFO  [eBankingProject] URL is opened
2025-11-08 19:55:30 INFO  [eBankingProject] URL is opened
2025-11-08 19:55:30 INFO  [eBankingProject] Entered Username
2025-11-08 19:55:30 INFO  [eBankingProject] Entered Password
2025-11-08 19:55:38 INFO  [eBankingProject] providing customer details
2025-11-08 19:55:44 INFO  [eBankingProject] test case passed
